Flutter crash report; please file at https://github.com/flutter/flutter/issues.

## command

flutter run -d chrome

## exception

FormatException: FormatException: Invalid HTTP header field value: "2020-04-30T09:04:52.000/home/kirito/Área de Trabalho/test_storyboard/web/favicon.png" (at character 37)
2020-04-30T09:04:52.000/home/kirito/Área de Trabalho/test_storyboard/web/fa...
                                    ^


```
#0      _HttpHeaders._validateValue (dart:_http/http_headers.dart:626:9)
#1      _HttpHeaders._addAll (dart:_http/http_headers.dart:75:18)
#2      _HttpHeaders.set (dart:_http/http_headers.dart:92:5)
#3      _writeResponse.<anonymous closure> (package:shelf/shelf_io.dart:173:26)
#4      CanonicalizedMap.forEach.<anonymous closure> (package:collection/src/canonicalized_map.dart:93:35)
#5      _LinkedHashMapMixin.forEach (dart:collection-patch/compact_hash.dart:379:8)
#6      CanonicalizedMap.forEach (package:collection/src/canonicalized_map.dart:93:11)
#7      MapView.forEach (dart:collection/maps.dart:337:10)
#8      _writeResponse (package:shelf/shelf_io.dart:171:20)
#9      handleRequest (package:shelf/shelf_io.dart:119:11)
<asynchronous suspension>
#10     serveRequests.<anonymous closure>.<anonymous closure> (package:shelf/shelf_io.dart:63:34)
#11     _rootRunUnary (dart:async/zone.dart:1192:38)
#12     _CustomZone.runUnary (dart:async/zone.dart:1085:19)
#13     _CustomZone.runUnaryGuarded (dart:async/zone.dart:987:7)
#14     _BufferingStreamSubscription._sendData (dart:async/stream_impl.dart:339:11)
#15     _BufferingStreamSubscription._add (dart:async/stream_impl.dart:266:7)
#16     _SyncStreamControllerDispatch._sendData (dart:async/stream_controller.dart:779:19)
#17     _StreamController._add (dart:async/stream_controller.dart:655:7)
#18     _StreamController.add (dart:async/stream_controller.dart:597:5)
#19     _HttpServer._handleRequest (dart:_http/http_impl.dart:2837:19)
#20     new _HttpConnection.<anonymous closure> (dart:_http/http_impl.dart:2596:19)
#21     _rootRunUnary (dart:async/zone.dart:1192:38)
#22     _CustomZone.runUnary (dart:async/zone.dart:1085:19)
#23     _CustomZone.runUnaryGuarded (dart:async/zone.dart:987:7)
#24     _BufferingStreamSubscription._sendData (dart:async/stream_impl.dart:339:11)
#25     _BufferingStreamSubscription._add (dart:async/stream_impl.dart:266:7)
#26     _SyncStreamControllerDispatch._sendData (dart:async/stream_controller.dart:779:19)
#27     _StreamController._add (dart:async/stream_controller.dart:655:7)
#28     _StreamController.add (dart:async/stream_controller.dart:597:5)
#29     _HttpParser._headersEnd (dart:_http/http_parser.dart:399:19)
#30     _HttpParser._doParse (dart:_http/http_parser.dart:739:15)
#31     _HttpParser._parse (dart:_http/http_parser.dart:328:7)
#32     _HttpParser._onData (dart:_http/http_parser.dart:850:5)
#33     _rootRunUnary (dart:async/zone.dart:1192:38)
#34     _CustomZone.runUnary (dart:async/zone.dart:1085:19)
#35     _CustomZone.runUnaryGuarded (dart:async/zone.dart:987:7)
#36     _BufferingStreamSubscription._sendData (dart:async/stream_impl.dart:339:11)
#37     _BufferingStreamSubscription._add (dart:async/stream_impl.dart:266:7)
#38     _SyncStreamControllerDispatch._sendData (dart:async/stream_controller.dart:779:19)
#39     _StreamController._add (dart:async/stream_controller.dart:655:7)
#40     _StreamController.add (dart:async/stream_controller.dart:597:5)
#41     _Socket._onData (dart:io-patch/socket_patch.dart:1982:41)
#42     _rootRunUnary (dart:async/zone.dart:1196:13)
#43     _CustomZone.runUnary (dart:async/zone.dart:1085:19)
#44     _CustomZone.runUnaryGuarded (dart:async/zone.dart:987:7)
#45     _BufferingStreamSubscription._sendData (dart:async/stream_impl.dart:339:11)
#46     _BufferingStreamSubscription._add (dart:async/stream_impl.dart:266:7)
#47     _SyncStreamControllerDispatch._sendData (dart:async/stream_controller.dart:779:19)
#48     _StreamController._add (dart:async/stream_controller.dart:655:7)
#49     _StreamController.add (dart:async/stream_controller.dart:597:5)
#50     new _RawSocket.<anonymous closure> (dart:io-patch/socket_patch.dart:1527:33)
#51     _NativeSocket.issueReadEvent.issue (dart:io-patch/socket_patch.dart:1019:14)
#52     _microtaskLoop (dart:async/schedule_microtask.dart:43:21)
#53     _startMicrotaskLoop (dart:async/schedule_microtask.dart:52:5)
#54     _runPendingImmediateCallback (dart:isolate-patch/isolate_patch.dart:118:13)
#55     _RawReceivePortImpl._handleMessage (dart:isolate-patch/isolate_patch.dart:169:5)
```

## flutter doctor

```
[✓] Flutter (Channel beta, v1.17.0-3.3.pre, on Linux, locale pt_BR.UTF-8)
    • Flutter version 1.17.0-3.3.pre at /home/kirito/development/flutter
    • Framework revision 0da1ab0922 (2 days ago), 2020-04-28 11:02:34 -0700
    • Engine revision 376ad6a64b
    • Dart version 2.8.0

[✓] Android toolchain - develop for Android devices (Android SDK version 29.0.3)
    • Android SDK at /home/kirito/Android/Sdk
    • Platform android-29, build-tools 29.0.3
    • Java binary at: /home/kirito/android-studio/jre/bin/java
    • Java version OpenJDK Runtime Environment (build 1.8.0_212-release-1586-b4-5784211)
    • All Android licenses accepted.

[✓] Chrome - develop for the web
    • Chrome at google-chrome

[✓] Android Studio (version 3.6)
    • Android Studio at /home/kirito/android-studio
    • Flutter plugin version 45.1.1
    • Dart plugin version 192.7761
    • Java version OpenJDK Runtime Environment (build 1.8.0_212-release-1586-b4-5784211)

[✓] VS Code (version 1.44.2)
    • VS Code at /usr/share/code
    • Flutter extension version 3.9.1

[✓] Connected device (2 available)
    • Chrome     • chrome     • web-javascript • Google Chrome 81.0.4044.122
    • Web Server • web-server • web-javascript • Flutter Tools

• No issues found!
```
